04:57:31 **** Incremental Build of configuration Release for project JointSpaceLyaponovBasedControlComp ****
make all 
Building file: ../JointSpaceLyaponovBasedControlComp.cpp
Invoking: GCC C++ Compiler
g++ -D_OPROS_DEBUG_ -I/root/OPRoS_Linux/OPRoS_IDE_Linux_v2.0.8x86/OPRoS_external_package/Linux/include -I/root/OPRoS_Linux/OPRoS_IDE_Linux_v2.0.8x86/OPRoS_external_package/Linux/include/device -I/usr/local/include/kdl -I/usr/eigen -O2 -g -Wall -c -fPIC -fmessage-length=0 -o "JointSpaceLyaponovBasedControlComp.o" "../JointSpaceLyaponovBasedControlComp.cpp" && \
	echo -n 'JointSpaceLyaponovBasedControlComp.d' ./ > 'JointSpaceLyaponovBasedControlComp.d' && \
	g++ -MM -MG -P -w -D_OPROS_DEBUG_ -I/root/OPRoS_Linux/OPRoS_IDE_Linux_v2.0.8x86/OPRoS_external_package/Linux/include -I/root/OPRoS_Linux/OPRoS_IDE_Linux_v2.0.8x86/OPRoS_external_package/Linux/include/device -I/usr/local/include/kdl -I/usr/eigen -O2 -g -Wall -c -fPIC -fmessage-length=0   "../JointSpaceLyaponovBasedControlComp.cpp" >> 'JointSpaceLyaponovBasedControlComp.d'
In file included from /root/OPRoS_Linux/OPRoS_IDE_Linux_v2.0.8x86/OPRoS_external_package/Linux/include/OPRoSTypes.h:53:0,
                 from /root/OPRoS_Linux/OPRoS_IDE_Linux_v2.0.8x86/OPRoS_external_package/Linux/include/Event.h:18,
                 from /root/OPRoS_Linux/OPRoS_IDE_Linux_v2.0.8x86/OPRoS_external_package/Linux/include/Component.h:18,
                 from /root/OPRoS_Linux/OPRoS_IDE_Linux_v2.0.8x86/OPRoS_external_package/Linux/include/OPRoSInclude.h:8,
                 from ../JointSpaceLyaponovBasedControlComp.cpp:7:
/root/OPRoS_Linux/OPRoS_IDE_Linux_v2.0.8x86/OPRoS_external_package/Linux/include/archive/opros_type_info.h: In member function ?˜std::string enumNameSelector<T, N>::typeString()??:
/root/OPRoS_Linux/OPRoS_IDE_Linux_v2.0.8x86/OPRoS_external_package/Linux/include/archive/opros_type_info.h:132:2: warning: no return statement in function returning non-void [-Wreturn-type]
In file included from /root/OPRoS_Linux/OPRoS_IDE_Linux_v2.0.8x86/OPRoS_external_package/Linux/include/SymbolService.h:24:0,
                 from /root/OPRoS_Linux/OPRoS_IDE_Linux_v2.0.8x86/OPRoS_external_package/Linux/include/ServiceUtils.h:18,
                 from /root/OPRoS_Linux/OPRoS_IDE_Linux_v2.0.8x86/OPRoS_external_package/Linux/include/OPRoSInclude.h:16,
                 from ../JointSpaceLyaponovBasedControlComp.cpp:7:
/root/OPRoS_Linux/OPRoS_IDE_Linux_v2.0.8x86/OPRoS_external_package/Linux/include/RequiredMethod.h: In constructor ?˜RequiredMethod<void>::RequiredMethod(const string&, int, int)??:
/root/OPRoS_Linux/OPRoS_IDE_Linux_v2.0.8x86/OPRoS_external_package/Linux/include/RequiredMethod.h:659:6: warning: ?˜RequiredMethod<void>::m_arity?? will be initialized after [-Wreorder]
/root/OPRoS_Linux/OPRoS_IDE_Linux_v2.0.8x86/OPRoS_external_package/Linux/include/RequiredMethod.h:667:31: warning:   base ?˜RequiredMethodInterface?? [-Wreorder]
/root/OPRoS_Linux/OPRoS_IDE_Linux_v2.0.8x86/OPRoS_external_package/Linux/include/RequiredMethod.h:665:2: warning:   when initialized here [-Wreorder]
../JointSpaceLyaponovBasedControlComp.cpp: In member function ?˜virtual ReturnType JointSpaceLyaponovBasedControlComp::SetProperty(OPRoS::Property)??:
../JointSpaceLyaponovBasedControlComp.cpp:144:107: warning: too many arguments for format [-Wformat-extra-args]
Finished building: ../JointSpaceLyaponovBasedControlComp.cpp
 
Building target: libJointSpaceLyaponovBasedControlComp.so
Invoking: GCC C++ Linker
g++ -L/root/OPRoS_Linux/OPRoS_IDE_Linux_v2.0.8x86/OPRoS_external_package/Linux/lib -shared -o "libJointSpaceLyaponovBasedControlComp.so"  ./DynamicsControl.o ./JointSpaceControl.o ./JointSpaceLyaponovBasedControlComp.o ./JointSpaceLyapunovBasedControl.o ./ManipulatorControl.o   -lOPRoSCDL -lorocos-kdl
Finished building target: libJointSpaceLyaponovBasedControlComp.so
 

04:57:34 Build Finished (took 3s.160ms)

