04:42:44 **** Incremental Build of configuration Release for project JointSpaceControlCoodinatorComp ****
make all 
Building file: ../JointSpaceControlCoodinatorComp.cpp
Invoking: GCC C++ Compiler
g++ -D_OPROS_DEBUG_ -I/root/OPRoS_Linux/OPRoS_IDE_Linux_v2.0.8x86/OPRoS_external_package/Linux/include -I/root/OPRoS_Linux/OPRoS_IDE_Linux_v2.0.8x86/OPRoS_external_package/Linux/include/device -O2 -g -Wall -c -fPIC -fmessage-length=0 -o "JointSpaceControlCoodinatorComp.o" "../JointSpaceControlCoodinatorComp.cpp" && \
	echo -n 'JointSpaceControlCoodinatorComp.d' ./ > 'JointSpaceControlCoodinatorComp.d' && \
	g++ -MM -MG -P -w -D_OPROS_DEBUG_ -I/root/OPRoS_Linux/OPRoS_IDE_Linux_v2.0.8x86/OPRoS_external_package/Linux/include -I/root/OPRoS_Linux/OPRoS_IDE_Linux_v2.0.8x86/OPRoS_external_package/Linux/include/device -O2 -g -Wall -c -fPIC -fmessage-length=0   "../JointSpaceControlCoodinatorComp.cpp" >> 'JointSpaceControlCoodinatorComp.d'
In file included from /root/OPRoS_Linux/OPRoS_IDE_Linux_v2.0.8x86/OPRoS_external_package/Linux/include/OPRoSTypes.h:53:0,
                 from /root/OPRoS_Linux/OPRoS_IDE_Linux_v2.0.8x86/OPRoS_external_package/Linux/include/Event.h:18,
                 from /root/OPRoS_Linux/OPRoS_IDE_Linux_v2.0.8x86/OPRoS_external_package/Linux/include/Component.h:18,
                 from /root/OPRoS_Linux/OPRoS_IDE_Linux_v2.0.8x86/OPRoS_external_package/Linux/include/OPRoSInclude.h:8,
                 from ../JointSpaceControlCoodinatorComp.cpp:7:
/root/OPRoS_Linux/OPRoS_IDE_Linux_v2.0.8x86/OPRoS_external_package/Linux/include/archive/opros_type_info.h: In member function ?˜std::string enumNameSelector<T, N>::typeString()??:
/root/OPRoS_Linux/OPRoS_IDE_Linux_v2.0.8x86/OPRoS_external_package/Linux/include/archive/opros_type_info.h:132:2: warning: no return statement in function returning non-void [-Wreturn-type]
In file included from /root/OPRoS_Linux/OPRoS_IDE_Linux_v2.0.8x86/OPRoS_external_package/Linux/include/SymbolService.h:24:0,
                 from /root/OPRoS_Linux/OPRoS_IDE_Linux_v2.0.8x86/OPRoS_external_package/Linux/include/ServiceUtils.h:18,
                 from /root/OPRoS_Linux/OPRoS_IDE_Linux_v2.0.8x86/OPRoS_external_package/Linux/include/OPRoSInclude.h:16,
                 from ../JointSpaceControlCoodinatorComp.cpp:7:
/root/OPRoS_Linux/OPRoS_IDE_Linux_v2.0.8x86/OPRoS_external_package/Linux/include/RequiredMethod.h: In constructor ?˜RequiredMethod<void>::RequiredMethod(const string&, int, int)??:
/root/OPRoS_Linux/OPRoS_IDE_Linux_v2.0.8x86/OPRoS_external_package/Linux/include/RequiredMethod.h:659:6: warning: ?˜RequiredMethod<void>::m_arity?? will be initialized after [-Wreorder]
/root/OPRoS_Linux/OPRoS_IDE_Linux_v2.0.8x86/OPRoS_external_package/Linux/include/RequiredMethod.h:667:31: warning:   base ?˜RequiredMethodInterface?? [-Wreorder]
/root/OPRoS_Linux/OPRoS_IDE_Linux_v2.0.8x86/OPRoS_external_package/Linux/include/RequiredMethod.h:665:2: warning:   when initialized here [-Wreorder]
../JointSpaceControlCoodinatorComp.cpp: In member function ?˜virtual ReturnType JointSpaceControlCoodinatorComp::SetDesiredJointPosition(OPRoS::Float64Array, double)??:
../JointSpaceControlCoodinatorComp.cpp:120:1: warning: control reaches end of non-void function [-Wreturn-type]
Finished building: ../JointSpaceControlCoodinatorComp.cpp
 
Building target: libJointSpaceControlCoodinatorComp.so
Invoking: GCC C++ Linker
g++ -L/root/OPRoS_Linux/OPRoS_IDE_Linux_v2.0.8x86/OPRoS_external_package/Linux/lib -shared -o "libJointSpaceControlCoodinatorComp.so"  ./JointSpaceControlCoodinatorComp.o   -lOPRoSCDL
Finished building target: libJointSpaceControlCoodinatorComp.so
 

04:42:48 Build Finished (took 3s.759ms)

